Jan-05 15:26:31.544 [main] DEBUG nextflow.cli.Launcher - $> nextflow run workflow.nf
Jan-05 15:26:31.599 [main] INFO  nextflow.cli.CmdRun - N E X T F L O W  ~  version 23.10.0
Jan-05 15:26:31.611 [main] DEBUG nextflow.plugin.PluginsFacade - Setting up plugin manager > mode=prod; embedded=false; plugins-dir=/Users/shashankkatiyar/.nextflow/plugins; core-plugins: nf-amazon@2.1.4,nf-azure@1.3.2,nf-cloudcache@0.3.0,nf-codecommit@0.1.5,nf-console@1.0.6,nf-ga4gh@1.1.0,nf-google@1.8.3,nf-tower@1.6.3,nf-wave@1.0.0
Jan-05 15:26:31.616 [main] INFO  o.pf4j.DefaultPluginStatusProvider - Enabled plugins: []
Jan-05 15:26:31.617 [main] INFO  o.pf4j.DefaultPluginStatusProvider - Disabled plugins: []
Jan-05 15:26:31.618 [main] INFO  org.pf4j.DefaultPluginManager - PF4J version 3.4.1 in 'deployment' mode
Jan-05 15:26:31.625 [main] INFO  org.pf4j.AbstractPluginManager - No plugins
Jan-05 15:26:31.664 [main] DEBUG nextflow.cli.CmdRun - Applied DSL=2 by global default
Jan-05 15:26:31.675 [main] INFO  nextflow.cli.CmdRun - Launching `workflow.nf` [lethal_bohr] DSL2 - revision: 96b11b04ed
Jan-05 15:26:31.676 [main] DEBUG nextflow.plugin.PluginsFacade - Plugins default=[]
Jan-05 15:26:31.676 [main] DEBUG nextflow.plugin.PluginsFacade - Plugins resolved requirement=[]
Jan-05 15:26:31.681 [main] DEBUG n.secret.LocalSecretsProvider - Secrets store: /Users/shashankkatiyar/.nextflow/secrets/store.json
Jan-05 15:26:31.685 [main] DEBUG nextflow.secret.SecretsLoader - Discovered secrets providers: [nextflow.secret.LocalSecretsProvider@2fe88a09] - activable => nextflow.secret.LocalSecretsProvider@2fe88a09
Jan-05 15:26:31.722 [main] DEBUG nextflow.Session - Session UUID: a6fcb78e-3d25-4407-935a-6711efb172b5
Jan-05 15:26:31.722 [main] DEBUG nextflow.Session - Run name: lethal_bohr
Jan-05 15:26:31.723 [main] DEBUG nextflow.Session - Executor pool size: 8
Jan-05 15:26:31.728 [main] DEBUG nextflow.file.FilePorter - File porter settings maxRetries=3; maxTransfers=50; pollTimeout=null
Jan-05 15:26:36.760 [main] DEBUG nextflow.cli.CmdRun - 
  Version: 23.10.0 build 5889
  Created: 15-10-2023 15:07 UTC (11:07 GMT-04:00)
  System: Mac OS X 13.0.1
  Runtime: Groovy 3.0.19 on Java HotSpot(TM) 64-Bit Server VM 21.0.1+12-LTS-29
  Encoding: UTF-8 (UTF-8)
  Process: 91697@MacBook-Air-2.local [10.0.0.178]
  CPUs: 8 - Mem: 8 GB (95 MB) - Swap: 4 GB (1.4 GB) - Virtual threads ON
Jan-05 15:26:36.779 [main] DEBUG nextflow.Session - Work-dir: /Users/shashankkatiyar/Documents/github_repos/Gene-Expression-Prediction-Using-Deep-Neural-Network/work [Mac OS X]
Jan-05 15:26:36.780 [main] DEBUG nextflow.Session - Script base path does not exist or is not a directory: /Users/shashankkatiyar/Documents/github_repos/Gene-Expression-Prediction-Using-Deep-Neural-Network/bin
Jan-05 15:26:36.792 [main] DEBUG nextflow.executor.ExecutorFactory - Extension executors providers=[]
Jan-05 15:26:36.805 [main] DEBUG nextflow.Session - Observer factory: DefaultObserverFactory
Jan-05 15:26:36.830 [main] DEBUG nextflow.cache.CacheFactory - Using Nextflow cache factory: nextflow.cache.DefaultCacheFactory
Jan-05 15:26:36.835 [main] DEBUG nextflow.util.CustomPoolFactory - Creating virtual thread pool
Jan-05 15:26:36.873 [main] DEBUG nextflow.Session - Session start
Jan-05 15:26:37.137 [main] DEBUG nextflow.script.ScriptRunner - > Launching execution
Jan-05 15:26:37.153 [main] DEBUG nextflow.script.ScriptRunner - Parsed script files:
  Script_89dd039100f5f8a9: /Users/shashankkatiyar/Documents/github_repos/Gene-Expression-Prediction-Using-Deep-Neural-Network/workflow.nf
Jan-05 15:26:37.153 [main] DEBUG nextflow.Session - Session aborted -- Cause: No such property: echo for class: nextflow.script.WorkflowBinding
Jan-05 15:26:37.159 [main] ERROR nextflow.cli.Launcher - @unknown
groovy.lang.MissingPropertyException: No such property: echo for class: nextflow.script.WorkflowBinding
	at groovy.lang.Binding.getVariable(Binding.java:56)
	at nextflow.script.WorkflowBinding.getVariable(WorkflowBinding.groovy:140)
	at groovy.lang.Binding.getProperty(Binding.java:116)
	at nextflow.script.WorkflowBinding.getProperty(WorkflowBinding.groovy:129)
	at org.codehaus.groovy.runtime.InvokerHelper.getProperty(InvokerHelper.java:190)
	at groovy.lang.Closure.getPropertyTryThese(Closure.java:320)
	at groovy.lang.Closure.getPropertyDelegateFirst(Closure.java:310)
	at groovy.lang.Closure.getProperty(Closure.java:296)
	at org.codehaus.groovy.runtime.callsite.PogoGetPropertySite.getProperty(PogoGetPropertySite.java:49)
	at org.codehaus.groovy.runtime.callsite.AbstractCallSite.callGroovyObjectGetProperty(AbstractCallSite.java:341)
	at Script_89dd039100f5f8a9$_runScript_closure2$_closure4.doCall(Script_89dd039100f5f8a9:23)
	at java.base/jdk.internal.reflect.DirectMethodHandleAccessor.invoke(DirectMethodHandleAccessor.java:103)
	at java.base/java.lang.reflect.Method.invoke(Method.java:580)
	at org.codehaus.groovy.reflection.CachedMethod.invoke(CachedMethod.java:107)
	at groovy.lang.MetaMethod.doMethodInvoke(MetaMethod.java:323)
	at org.codehaus.groovy.runtime.metaclass.ClosureMetaClass.invokeMethod(ClosureMetaClass.java:274)
	at groovy.lang.MetaClassImpl.invokeMethod(MetaClassImpl.java:1030)
	at groovy.lang.Closure.call(Closure.java:427)
	at groovy.lang.Closure.call(Closure.java:406)
	at nextflow.script.WorkflowDef.run0(WorkflowDef.groovy:204)
	at nextflow.script.WorkflowDef.run(WorkflowDef.groovy:188)
	at nextflow.script.BindableDef.invoke_a(BindableDef.groovy:51)
	at nextflow.script.ChainableDef$invoke_a.call(Unknown Source)
	at org.codehaus.groovy.runtime.callsite.CallSiteArray.defaultCall(CallSiteArray.java:47)
	at org.codehaus.groovy.runtime.callsite.AbstractCallSite.call(AbstractCallSite.java:125)
	at org.codehaus.groovy.runtime.callsite.AbstractCallSite.call(AbstractCallSite.java:139)
	at nextflow.script.BaseScript.run0(BaseScript.groovy:183)
	at nextflow.script.BaseScript.run(BaseScript.groovy:192)
	at nextflow.script.ScriptParser.runScript(ScriptParser.groovy:236)
	at nextflow.script.ScriptRunner.run(ScriptRunner.groovy:242)
	at nextflow.script.ScriptRunner.execute(ScriptRunner.groovy:137)
	at nextflow.cli.CmdRun.run(CmdRun.groovy:372)
	at nextflow.cli.Launcher.run(Launcher.groovy:499)
	at nextflow.cli.Launcher.main(Launcher.groovy:670)
